> Task :compileJava UP-TO-DATE
> Task :processResources UP-TO-DATE
> Task :classes UP-TO-DATE
> Task :resolveMainClassName

> Task :bootRun

  .   ____          _            __ _ _
 /\\ / ___'_ __ _ _(_)_ __  __ _ \ \ \ \
( ( )\___ | '_ | '_| | '_ \/ _` | \ \ \ \
 \\/  ___)| |_)| | | | | || (_| |  ) ) ) )
  '  |____| .__|_| |_|_| |_\__, | / / / /
 =========|_|==============|___/=/_/_/_/

 :: Spring Boot ::                (v4.0.2)

2026-04-23T21:52:41.816+09:00  INFO 14707 --- [core] [           main] .g.s.SpringMissionsPlaygroundApplication : Starting SpringMissionsPlaygroundApplication using Java 25.0.1 with PID 14707 (/Users/kim-yuhyeon/Projects/personal/goorm/BE/spring-boot-intro-project/build/classes/java/main started by kim-yuhyeon in /Users/kim-yuhyeon/Projects/personal/goorm/BE/spring-boot-intro-project)
2026-04-23T21:52:41.817+09:00  INFO 14707 --- [core] [           main] .g.s.SpringMissionsPlaygroundApplication : No active profile set, falling back to 1 default profile: "default"
2026-04-23T21:52:42.140+09:00  INFO 14707 --- [core] [           main] .s.d.r.c.RepositoryConfigurationDelegate : Bootstrapping Spring Data JPA repositories in DEFAULT mode.
2026-04-23T21:52:42.176+09:00  INFO 14707 --- [core] [           main] .s.d.r.c.RepositoryConfigurationDelegate : Finished Spring Data repository scanning in 33 ms. Found 8 JPA repository interfaces.
2026-04-23T21:52:42.435+09:00  INFO 14707 --- [core] [           main] o.s.boot.tomcat.TomcatWebServer          : Tomcat initialized with port 8080 (http)
2026-04-23T21:52:42.441+09:00  INFO 14707 --- [core] [           main] o.apache.catalina.core.StandardService   : Starting service [Tomcat]
2026-04-23T21:52:42.441+09:00  INFO 14707 --- [core] [           main] o.apache.catalina.core.StandardEngine    : Starting Servlet engine: [Apache Tomcat/11.0.15]
2026-04-23T21:52:42.459+09:00  INFO 14707 --- [core] [           main] b.w.c.s.WebApplicationContextInitializer : Root WebApplicationContext: initialization completed in 626 ms
2026-04-23T21:52:42.543+09:00  INFO 14707 --- [core] [           main] org.hibernate.orm.jpa                    : HHH008540: Processing PersistenceUnitInfo [name: default]
2026-04-23T21:52:42.559+09:00  INFO 14707 --- [core] [           main] org.hibernate.orm.core                   : HHH000001: Hibernate ORM core version 7.2.1.Final
2026-04-23T21:52:42.696+09:00  INFO 14707 --- [core] [           main] o.s.o.j.p.SpringPersistenceUnitInfo      : No LoadTimeWeaver setup: ignoring JPA class transformer
2026-04-23T21:52:42.707+09:00  INFO 14707 --- [core] [           main] com.zaxxer.hikari.HikariDataSource       : HikariPool-1 - Starting...
2026-04-23T21:52:42.764+09:00  INFO 14707 --- [core] [           main] com.zaxxer.hikari.pool.HikariPool        : HikariPool-1 - Added connection conn0: url=jdbc:h2:mem:mission01 user=SA
2026-04-23T21:52:42.765+09:00  INFO 14707 --- [core] [           main] com.zaxxer.hikari.HikariDataSource       : HikariPool-1 - Start completed.
2026-04-23T21:52:42.785+09:00  INFO 14707 --- [core] [           main] org.hibernate.orm.connections.pooling    : HHH10001005: Database info:
	Database JDBC URL [jdbc:h2:mem:mission01]
	Database driver: H2 JDBC Driver
	Database dialect: H2Dialect
	Database version: 2.4.240
	Default catalog/schema: MISSION01/PUBLIC
	Autocommit mode: undefined/unknown
	Isolation level: READ_COMMITTED [default READ_COMMITTED]
	JDBC fetch size: 100
	Pool: DataSourceConnectionProvider
	Minimum pool size: undefined/unknown
	Maximum pool size: undefined/unknown
2026-04-23T21:52:43.114+09:00  INFO 14707 --- [core] [           main] org.hibernate.orm.core                   : HHH000489: No JTA platform available (set 'hibernate.transaction.jta.platform' to enable JTA platform integration)
Hibernate: 
    drop table if exists members cascade 
Hibernate: 
    drop table if exists mission05_task01_members cascade 
Hibernate: 
    drop table if exists mission05_task02_members cascade 
Hibernate: 
    drop table if exists mission05_task02_teams cascade 
Hibernate: 
    drop table if exists mission05_task03_users cascade 
Hibernate: 
    drop table if exists mission05_task04_workshop_enrollments cascade 
Hibernate: 
    drop table if exists mission05_task05_products cascade 
Hibernate: 
    drop table if exists mission05_task09_transfer_accounts cascade 
Hibernate: 
    create table members (
        id bigint generated by default as identity,
        email varchar(255),
        name varchar(255),
        primary key (id)
    )
Hibernate: 
    create table mission05_task01_members (
        id bigint generated by default as identity,
        name varchar(30) not null,
        email varchar(100) not null,
        primary key (id)
    )
Hibernate: 
    create table mission05_task02_members (
        id bigint generated by default as identity,
        team_id bigint not null,
        name varchar(30) not null,
        primary key (id)
    )
Hibernate: 
    create table mission05_task02_teams (
        id bigint generated by default as identity,
        name varchar(50) not null,
        primary key (id)
    )
Hibernate: 
    create table mission05_task03_users (
        id bigint generated by default as identity,
        name varchar(30) not null,
        email varchar(100) not null unique,
        primary key (id)
    )
Hibernate: 
    create table mission05_task04_workshop_enrollments (
        id bigint generated by default as identity,
        participant_name varchar(30) not null,
        workshop_code varchar(50) not null,
        participant_email varchar(100) not null,
        primary key (id)
    )
Hibernate: 
    create table mission05_task05_products (
        price integer not null,
        stock_quantity integer not null,
        id bigint generated by default as identity,
        category varchar(30) not null,
        name varchar(40) not null,
        primary key (id)
    )
Hibernate: 
    create table mission05_task09_transfer_accounts (
        balance integer not null,
        id bigint generated by default as identity,
        account_number varchar(30) not null unique,
        owner_name varchar(30) not null,
        primary key (id)
    )
Hibernate: 
    alter table if exists mission05_task02_members 
       add constraint FKqc2iwwkvetw4bvg050qnblyro 
       foreign key (team_id) 
       references mission05_task02_teams
2026-04-23T21:52:43.137+09:00  INFO 14707 --- [core] [           main] j.LocalContainerEntityManagerFactoryBean : Initialized JPA EntityManagerFactory for persistence unit 'default'
2026-04-23T21:52:43.215+09:00  INFO 14707 --- [core] [           main] o.s.d.j.r.query.QueryEnhancerFactories   : Hibernate is in classpath; If applicable, HQL parser will be used.
2026-04-23T21:52:43.634+09:00  WARN 14707 --- [core] [           main] JpaBaseConfiguration$JpaWebConfiguration : spring.jpa.open-in-view is enabled by default. Therefore, database queries may be performed during view rendering. Explicitly configure spring.jpa.open-in-view to disable this warning
2026-04-23T21:52:43.845+09:00  INFO 14707 --- [core] [           main] o.s.boot.tomcat.TomcatWebServer          : Tomcat started on port 8080 (http) with context path '/'
2026-04-23T21:52:43.848+09:00  INFO 14707 --- [core] [           main] .g.s.SpringMissionsPlaygroundApplication : Started SpringMissionsPlaygroundApplication in 2.155 seconds (process running for 2.276)
2026-04-23T21:53:51.643+09:00  INFO 14707 --- [core] [nio-8080-exec-1] o.a.c.c.C.[Tomcat].[localhost].[/]       : Initializing Spring DispatcherServlet 'dispatcherServlet'
2026-04-23T21:53:51.643+09:00  INFO 14707 --- [core] [nio-8080-exec-1] o.s.web.servlet.DispatcherServlet        : Initializing Servlet 'dispatcherServlet'
2026-04-23T21:53:51.644+09:00  INFO 14707 --- [core] [nio-8080-exec-1] o.s.web.servlet.DispatcherServlet        : Completed initialization in 1 ms
[TX-BEGIN] id=TX-1001 method=settleWithFailure
[TX-STATUS] id=TX-1001 phase=ACTIVE active=true detail=트랜잭션 시작 직후 상태 점검
[BUSINESS] 주문 정산 시작: orderId=order-7002 amount=33000 operator=batch-admin
[BUSINESS] 정산 데이터 검증 완료
[BUSINESS] 외부 원장 반영 중 오류 감지
[TX-ROLLBACK] id=TX-1001 reason=외부 원장 반영 실패로 트랜잭션을 롤백합니다.
[TX-STATUS] id=TX-1001 phase=ROLLED_BACK active=false detail=롤백 후 상태 점검
[TX-BEGIN] id=TX-1002 method=settle
[TX-STATUS] id=TX-1002 phase=ACTIVE active=true detail=트랜잭션 시작 직후 상태 점검
[BUSINESS] 주문 정산 시작: orderId=order-7001 amount=42000 operator=batch-admin
[BUSINESS] 정산 데이터 검증 완료
[BUSINESS] 원장 반영 완료
[TX-STATUS] id=TX-1002 phase=ACTIVE active=true detail=비즈니스 로직 실행 완료
[TX-COMMIT] id=TX-1002 message=정상 커밋 완료
[TX-STATUS] id=TX-1002 phase=COMMITTED active=false detail=커밋 후 상태 점검
[TX-BEGIN] id=TX-1003 method=settle
[TX-STATUS] id=TX-1003 phase=ACTIVE active=true detail=트랜잭션 시작 직후 상태 점검
[BUSINESS] 주문 정산 시작: orderId=order-7003 amount=51000 operator=qa-batch
[BUSINESS] 정산 데이터 검증 완료
[BUSINESS] 원장 반영 완료
[TX-STATUS] id=TX-1003 phase=ACTIVE active=true detail=비즈니스 로직 실행 완료
[TX-COMMIT] id=TX-1003 message=정상 커밋 완료
[TX-STATUS] id=TX-1003 phase=COMMITTED active=false detail=커밋 후 상태 점검
